# JRE version: OpenJDK Runtime Environment (21.0.6) (build 21.0.6+-13368085-b895.109)
# Java VM: OpenJDK 64-Bit Server VM (21.0.6+-13368085-b895.109, mixed mode, tiered, compressed oops, compressed class ptrs, g1 gc, windows-amd64)
GC Precious Log:
 CardTable entry size: 512
 Card Set container configuration: InlinePtr #cards 5 size 8 Array Of Cards #cards 12 size 40 Howl #buckets 4 coarsen threshold 1843 Howl Bitmap #cards 512 size 80 coarsen threshold 460 Card regions per heap region 1 cards per card region 2048
 CPUs: 12 total, 12 available
 Memory: 7531M
 Large Page Support: Disabled
 NUMA Support: Disabled
 Compressed Oops: Enabled (32-bit)
 Heap Region Size: 1M
 Heap Min Capacity: 8M
 Heap Initial Capacity: 118M
 Heap Max Capacity: 2G
 Pre-touch: Disabled
 Parallel Workers: 10
 Concurrent Workers: 3
 Concurrent Refinement Workers: 10
 Periodic GC: Disabled
Heap:
 garbage-first heap   total 220160K, used 192412K [0x0000000080000000, 0x0000000100000000)
  region size 1024K, 61 young (62464K), 7 survivors (7168K)
 Metaspace       used 135030K, committed 137600K, reserved 1179648K
  class space    used 18385K, committed 19712K, reserved 1048576K
GC Heap History (20 events):
Event: 16.422 GC heap before
{Heap before GC invocations=32 (full 0):
 garbage-first heap   total 165888K, used 149667K [0x0000000080000000, 0x0000000100000000)
  region size 1024K, 54 young (55296K), 6 survivors (6144K)
 Metaspace       used 113664K, committed 115840K, reserved 1179648K
  class space    used 15505K, committed 16576K, reserved 1048576K
}
Event: 16.428 GC heap after
{Heap after GC invocations=33 (full 0):
 garbage-first heap   total 165888K, used 101688K [0x0000000080000000, 0x0000000100000000)
  region size 1024K, 7 young (7168K), 7 survivors (7168K)
 Metaspace       used 113664K, committed 115840K, reserved 1179648K
  class space    used 15505K, committed 16576K, reserved 1048576K
}
Event: 16.919 GC heap before
{Heap before GC invocations=33 (full 0):
 garbage-first heap   total 165888K, used 147768K [0x0000000080000000, 0x0000000100000000)
  region size 1024K, 52 young (53248K), 7 survivors (7168K)
 Metaspace       used 118189K, committed 120384K, reserved 1179648K
  class space    used 16130K, committed 17216K, reserved 1048576K
}
Event: 16.926 GC heap after
{Heap after GC invocations=34 (full 0):
 garbage-first heap   total 165888K, used 104004K [0x0000000080000000, 0x0000000100000000)
  region size 1024K, 5 young (5120K), 5 survivors (5120K)
 Metaspace       used 118189K, committed 120384K, reserved 1179648K
  class space    used 16130K, committed 17216K, reserved 1048576K
}
Event: 17.957 GC heap before
{Heap before GC invocations=35 (full 0):
 garbage-first heap   total 174080K, used 151108K [0x0000000080000000, 0x0000000100000000)
  region size 1024K, 51 young (52224K), 5 survivors (5120K)
 Metaspace       used 120700K, committed 123008K, reserved 1179648K
  class space    used 16483K, committed 17600K, reserved 1048576K
}
Event: 17.965 GC heap after
{Heap after GC invocations=36 (full 0):
 garbage-first heap   total 174080K, used 108466K [0x0000000080000000, 0x0000000100000000)
  region size 1024K, 7 young (7168K), 7 survivors (7168K)
 Metaspace       used 120700K, committed 123008K, reserved 1179648K
  class space    used 16483K, committed 17600K, reserved 1048576K
}
Event: 19.035 GC heap before
{Heap before GC invocations=36 (full 0):
 garbage-first heap   total 174080K, used 156594K [0x0000000080000000, 0x0000000100000000)
  region size 1024K, 54 young (55296K), 7 survivors (7168K)
 Metaspace       used 121919K, committed 124224K, reserved 1179648K
  class space    used 16593K, committed 17728K, reserved 1048576K
}
Event: 19.044 GC heap after
{Heap after GC invocations=37 (full 0):
 garbage-first heap   total 174080K, used 113652K [0x0000000080000000, 0x0000000100000000)
  region size 1024K, 7 young (7168K), 7 survivors (7168K)
 Metaspace       used 121919K, committed 124224K, reserved 1179648K
  class space    used 16593K, committed 17728K, reserved 1048576K
}
Event: 19.616 GC heap before
{Heap before GC invocations=37 (full 0):
 garbage-first heap   total 174080K, used 156660K [0x0000000080000000, 0x0000000100000000)
  region size 1024K, 49 young (50176K), 7 survivors (7168K)
 Metaspace       used 124014K, committed 126528K, reserved 1179648K
  class space    used 16899K, committed 18176K, reserved 1048576K
}
Event: 19.625 GC heap after
{Heap after GC invocations=38 (full 0):
 garbage-first heap   total 174080K, used 118357K [0x0000000080000000, 0x0000000100000000)
  region size 1024K, 5 young (5120K), 5 survivors (5120K)
 Metaspace       used 124014K, committed 126528K, reserved 1179648K
  class space    used 16899K, committed 18176K, reserved 1048576K
}
Event: 20.030 GC heap before
{Heap before GC invocations=39 (full 0):
 garbage-first heap   total 198656K, used 156245K [0x0000000080000000, 0x0000000100000000)
  region size 1024K, 43 young (44032K), 5 survivors (5120K)
 Metaspace       used 126203K, committed 128704K, reserved 1179648K
  class space    used 17387K, committed 18688K, reserved 1048576K
}
Event: 20.039 GC heap after
{Heap after GC invocations=40 (full 0):
 garbage-first heap   total 198656K, used 122649K [0x0000000080000000, 0x0000000100000000)
  region size 1024K, 5 young (5120K), 5 survivors (5120K)
 Metaspace       used 126203K, committed 128704K, reserved 1179648K
  class space    used 17387K, committed 18688K, reserved 1048576K
}
Event: 21.151 GC heap before
{Heap before GC invocations=40 (full 0):
 garbage-first heap   total 198656K, used 179993K [0x0000000080000000, 0x0000000100000000)
  region size 1024K, 62 young (63488K), 5 survivors (5120K)
 Metaspace       used 126616K, committed 129152K, reserved 1179648K
  class space    used 17453K, committed 18752K, reserved 1048576K
}
Event: 21.161 GC heap after
{Heap after GC invocations=41 (full 0):
 garbage-first heap   total 198656K, used 124024K [0x0000000080000000, 0x0000000100000000)
  region size 1024K, 5 young (5120K), 5 survivors (5120K)
 Metaspace       used 126616K, committed 129152K, reserved 1179648K
  class space    used 17453K, committed 18752K, reserved 1048576K
}
Event: 21.805 GC heap before
{Heap before GC invocations=41 (full 0):
 garbage-first heap   total 198656K, used 168056K [0x0000000080000000, 0x0000000100000000)
  region size 1024K, 50 young (51200K), 5 survivors (5120K)
 Metaspace       used 126825K, committed 129408K, reserved 1179648K
  class space    used 17485K, committed 18816K, reserved 1048576K
}
Event: 21.810 GC heap after
{Heap after GC invocations=42 (full 0):
 garbage-first heap   total 198656K, used 126218K [0x0000000080000000, 0x0000000100000000)
  region size 1024K, 7 young (7168K), 7 survivors (7168K)
 Metaspace       used 126825K, committed 129408K, reserved 1179648K
  class space    used 17485K, committed 18816K, reserved 1048576K
}
Event: 28.221 GC heap before
{Heap before GC invocations=43 (full 0):
 garbage-first heap   total 220160K, used 183562K [0x0000000080000000, 0x0000000100000000)
  region size 1024K, 58 young (59392K), 7 survivors (7168K)
 Metaspace       used 130180K, committed 132736K, reserved 1179648K
  class space    used 17783K, committed 19136K, reserved 1048576K
}
Event: 28.262 GC heap after
{Heap after GC invocations=44 (full 0):
 garbage-first heap   total 220160K, used 134668K [0x0000000080000000, 0x0000000100000000)
  region size 1024K, 8 young (8192K), 8 survivors (8192K)
 Metaspace       used 130180K, committed 132736K, reserved 1179648K
  class space    used 17783K, committed 19136K, reserved 1048576K
}
Event: 35.766 GC heap before
{Heap before GC invocations=44 (full 0):
 garbage-first heap   total 220160K, used 196108K [0x0000000080000000, 0x0000000100000000)
  region size 1024K, 69 young (70656K), 8 survivors (8192K)
 Metaspace       used 132808K, committed 135296K, reserved 1179648K
  class space    used 18100K, committed 19392K, reserved 1048576K
}
Event: 35.782 GC heap after
{Heap after GC invocations=45 (full 0):
 garbage-first heap   total 220160K, used 139164K [0x0000000080000000, 0x0000000100000000)
  region size 1024K, 7 young (7168K), 7 survivors (7168K)
 Metaspace       used 132808K, committed 135296K, reserved 1179648K
  class space    used 18100K, committed 19392K, reserved 1048576K
}

