# JRE version: OpenJDK Runtime Environment (21.0.6) (build 21.0.6+-13368085-b895.109)
# Java VM: OpenJDK 64-Bit Server VM (21.0.6+-13368085-b895.109, mixed mode, tiered, compressed oops, compressed class ptrs, g1 gc, windows-amd64)
GC Precious Log:
 CardTable entry size: 512
 Card Set container configuration: InlinePtr #cards 5 size 8 Array Of Cards #cards 12 size 40 Howl #buckets 4 coarsen threshold 1843 Howl Bitmap #cards 512 size 80 coarsen threshold 460 Card regions per heap region 1 cards per card region 2048
 CPUs: 12 total, 12 available
 Memory: 7531M
 Large Page Support: Disabled
 NUMA Support: Disabled
 Compressed Oops: Enabled (32-bit)
 Heap Region Size: 1M
 Heap Min Capacity: 8M
 Heap Initial Capacity: 118M
 Heap Max Capacity: 1884M
 Pre-touch: Disabled
 Parallel Workers: 10
 Concurrent Workers: 3
 Concurrent Refinement Workers: 10
 Periodic GC: Disabled
Heap:
 garbage-first heap   total 189440K, used 143751K [0x000000008a400000, 0x0000000100000000)
  region size 1024K, 35 young (35840K), 4 survivors (4096K)
 Metaspace       used 87334K, committed 87744K, reserved 1179648K
  class space    used 8983K, committed 9152K, reserved 1048576K
GC Heap History (20 events):
Event: 6.503 GC heap before
{Heap before GC invocations=18 (full 0):
 garbage-first heap   total 76800K, used 53570K [0x000000008a400000, 0x0000000100000000)
  region size 1024K, 10 young (10240K), 2 survivors (2048K)
 Metaspace       used 49769K, committed 50048K, reserved 1114112K
  class space    used 5668K, committed 5824K, reserved 1048576K
}
Event: 6.514 GC heap after
{Heap after GC invocations=19 (full 0):
 garbage-first heap   total 76800K, used 48488K [0x000000008a400000, 0x0000000100000000)
  region size 1024K, 2 young (2048K), 2 survivors (2048K)
 Metaspace       used 49769K, committed 50048K, reserved 1114112K
  class space    used 5668K, committed 5824K, reserved 1048576K
}
Event: 6.981 GC heap before
{Heap before GC invocations=19 (full 0):
 garbage-first heap   total 76800K, used 61800K [0x000000008a400000, 0x0000000100000000)
  region size 1024K, 16 young (16384K), 2 survivors (2048K)
 Metaspace       used 51014K, committed 51328K, reserved 1114112K
  class space    used 5822K, committed 5952K, reserved 1048576K
}
Event: 6.995 GC heap after
{Heap after GC invocations=20 (full 0):
 garbage-first heap   total 76800K, used 50392K [0x000000008a400000, 0x0000000100000000)
  region size 1024K, 2 young (2048K), 2 survivors (2048K)
 Metaspace       used 51014K, committed 51328K, reserved 1114112K
  class space    used 5822K, committed 5952K, reserved 1048576K
}
Event: 7.567 GC heap before
{Heap before GC invocations=20 (full 0):
 garbage-first heap   total 76800K, used 63704K [0x000000008a400000, 0x0000000100000000)
  region size 1024K, 16 young (16384K), 2 survivors (2048K)
 Metaspace       used 53755K, committed 54016K, reserved 1114112K
  class space    used 6128K, committed 6272K, reserved 1048576K
}
Event: 7.581 GC heap after
{Heap after GC invocations=21 (full 0):
 garbage-first heap   total 165888K, used 52282K [0x000000008a400000, 0x0000000100000000)
  region size 1024K, 2 young (2048K), 2 survivors (2048K)
 Metaspace       used 53755K, committed 54016K, reserved 1114112K
  class space    used 6128K, committed 6272K, reserved 1048576K
}
Event: 9.897 GC heap before
{Heap before GC invocations=22 (full 0):
 garbage-first heap   total 165888K, used 118842K [0x000000008a400000, 0x0000000100000000)
  region size 1024K, 67 young (68608K), 2 survivors (2048K)
 Metaspace       used 56359K, committed 56768K, reserved 1114112K
  class space    used 6344K, committed 6528K, reserved 1048576K
}
Event: 9.918 GC heap after
{Heap after GC invocations=23 (full 0):
 garbage-first heap   total 165888K, used 63545K [0x000000008a400000, 0x0000000100000000)
  region size 1024K, 9 young (9216K), 9 survivors (9216K)
 Metaspace       used 56359K, committed 56768K, reserved 1114112K
  class space    used 6344K, committed 6528K, reserved 1048576K
}
Event: 11.753 GC heap before
{Heap before GC invocations=23 (full 0):
 garbage-first heap   total 165888K, used 122937K [0x000000008a400000, 0x0000000100000000)
  region size 1024K, 67 young (68608K), 9 survivors (9216K)
 Metaspace       used 60033K, committed 60352K, reserved 1114112K
  class space    used 6658K, committed 6784K, reserved 1048576K
}
Event: 11.773 GC heap after
{Heap after GC invocations=24 (full 0):
 garbage-first heap   total 165888K, used 73380K [0x000000008a400000, 0x0000000100000000)
  region size 1024K, 9 young (9216K), 9 survivors (9216K)
 Metaspace       used 60033K, committed 60352K, reserved 1114112K
  class space    used 6658K, committed 6784K, reserved 1048576K
}
Event: 12.769 GC heap before
{Heap before GC invocations=24 (full 0):
 garbage-first heap   total 165888K, used 128676K [0x000000008a400000, 0x0000000100000000)
  region size 1024K, 63 young (64512K), 9 survivors (9216K)
 Metaspace       used 61449K, committed 61824K, reserved 1114112K
  class space    used 6731K, committed 6912K, reserved 1048576K
}
Event: 12.797 GC heap after
{Heap after GC invocations=25 (full 0):
 garbage-first heap   total 165888K, used 85895K [0x000000008a400000, 0x0000000100000000)
  region size 1024K, 8 young (8192K), 8 survivors (8192K)
 Metaspace       used 61449K, committed 61824K, reserved 1114112K
  class space    used 6731K, committed 6912K, reserved 1048576K
}
Event: 13.926 GC heap before
{Heap before GC invocations=25 (full 0):
 garbage-first heap   total 165888K, used 136071K [0x000000008a400000, 0x0000000100000000)
  region size 1024K, 57 young (58368K), 8 survivors (8192K)
 Metaspace       used 68464K, committed 68864K, reserved 1114112K
  class space    used 7376K, committed 7552K, reserved 1048576K
}
Event: 13.953 GC heap after
{Heap after GC invocations=26 (full 0):
 garbage-first heap   total 165888K, used 93575K [0x000000008a400000, 0x0000000100000000)
  region size 1024K, 7 young (7168K), 7 survivors (7168K)
 Metaspace       used 68464K, committed 68864K, reserved 1114112K
  class space    used 7376K, committed 7552K, reserved 1048576K
}
Event: 15.017 GC heap before
{Heap before GC invocations=27 (full 0):
 garbage-first heap   total 165888K, used 140679K [0x000000008a400000, 0x0000000100000000)
  region size 1024K, 53 young (54272K), 7 survivors (7168K)
 Metaspace       used 72617K, committed 72960K, reserved 1114112K
  class space    used 7732K, committed 7872K, reserved 1048576K
}
Event: 15.049 GC heap after
{Heap after GC invocations=28 (full 0):
 garbage-first heap   total 165888K, used 100743K [0x000000008a400000, 0x0000000100000000)
  region size 1024K, 7 young (7168K), 7 survivors (7168K)
 Metaspace       used 72617K, committed 72960K, reserved 1114112K
  class space    used 7732K, committed 7872K, reserved 1048576K
}
Event: 16.106 GC heap before
{Heap before GC invocations=28 (full 0):
 garbage-first heap   total 165888K, used 143751K [0x000000008a400000, 0x0000000100000000)
  region size 1024K, 49 young (50176K), 7 survivors (7168K)
 Metaspace       used 74378K, committed 74688K, reserved 1179648K
  class space    used 7885K, committed 8000K, reserved 1048576K
}
Event: 16.139 GC heap after
{Heap after GC invocations=29 (full 0):
 garbage-first heap   total 165888K, used 108423K [0x000000008a400000, 0x0000000100000000)
  region size 1024K, 7 young (7168K), 7 survivors (7168K)
 Metaspace       used 74378K, committed 74688K, reserved 1179648K
  class space    used 7885K, committed 8000K, reserved 1048576K
}
Event: 17.476 GC heap before
{Heap before GC invocations=29 (full 0):
 garbage-first heap   total 165888K, used 146311K [0x000000008a400000, 0x0000000100000000)
  region size 1024K, 44 young (45056K), 7 survivors (7168K)
 Metaspace       used 81406K, committed 81792K, reserved 1179648K
  class space    used 8535K, committed 8704K, reserved 1048576K
}
Event: 17.498 GC heap after
{Heap after GC invocations=30 (full 0):
 garbage-first heap   total 165888K, used 113031K [0x000000008a400000, 0x0000000100000000)
  region size 1024K, 4 young (4096K), 4 survivors (4096K)
 Metaspace       used 81406K, committed 81792K, reserved 1179648K
  class space    used 8535K, committed 8704K, reserved 1048576K
}

